
다음에 접속됨: Oracle Database 11g Enterprise Edition Release 11.1.0.7.0 - Production
With the Partitioning, OLAP, Data Mining and Real Application Testing options
KO16MSWIN949 문자 설정과 AL16UTF16 NCHAR 문자 설정에서 익스포트가 종료되었습니다

지정된 사용자를 익스포트하려고 합니다 ...
. 스키마 이전 단계의 객체와 작업을 엑스포트합니다\r

. ERP 사용자를 위해 외래 함수 라이브러리 이름을 엑스포트합니다 
. PUBLIC 유형 동의어 익스포트 중
. 전용 유형 동의어 익스포트 중
. ERP 사용자의 객체 유형 정의를 익스포트합니다.
ERP의 객체를 익스포트하려고 합니다 ...
. 데이터베이스 링크 익스포트 중
. 순차 번호 익스포트 중
. 클러스터 정의 익스포트 중
. ERP의 테이블을 익스포트하려고 합니다 via 규정 경로...
. .                         APPROVE 테이블 익스포트 중
                                                           69개의 행이 엑스포트되었습니다
. .                  BOARD_MASTER_T 테이블 익스포트 중
                                                            0개의 행이 엑스포트되었습니다
. .                     BOARD_SUB_T 테이블 익스포트 중
                                                            0개의 행이 엑스포트되었습니다
. .                         COMMUTE 테이블 익스포트 중
                                                           34개의 행이 엑스포트되었습니다
. .                      CONFERENCE 테이블 익스포트 중
                                                            4개의 행이 엑스포트되었습니다
. .                   CONFERENCERES 테이블 익스포트 중
                                                           17개의 행이 엑스포트되었습니다
. .                            DEPT 테이블 익스포트 중
                                                            4개의 행이 엑스포트되었습니다
. .                   DEPT_SCHEDULE 테이블 익스포트 중
                                                           65개의 행이 엑스포트되었습니다
. .                        DISPATCH 테이블 익스포트 중
                                                            8개의 행이 엑스포트되었습니다
. .                    DISPATCH_LOC 테이블 익스포트 중
                                                           12개의 행이 엑스포트되었습니다
. .                             EMP 테이블 익스포트 중
                                                           29개의 행이 엑스포트되었습니다
. .                            FORM 테이블 익스포트 중
                                                            6개의 행이 엑스포트되었습니다
. .                             LOG 테이블 익스포트 중
                                                          702개의 행이 엑스포트되었습니다
. .                     MY_SCHEDULE 테이블 익스포트 중
                                                           49개의 행이 엑스포트되었습니다
. .                        RECEIVER 테이블 익스포트 중
                                                           41개의 행이 엑스포트되었습니다
. .                          SALARY 테이블 익스포트 중
                                                          176개의 행이 엑스포트되었습니다
. .                        VACATION 테이블 익스포트 중
                                                            4개의 행이 엑스포트되었습니다
. 동의어 익스포트 중
. 뷰 익스포트 중
. 저장 프로시저 익스포트 중
. 작업을 엑스포트합니다
. 참조 무결성 제약조건 익스포트 중
. 트리거 익스포트 중
. 인덱스유형을 엑스포팅합니다
. 비트맵, 함수, 기능과 확장 가능한 인덱스들을 엑스포트합니다
. 이후 테이블 처리 익스포트 중
. 구체화된 뷰 익스포트 중
. 스냅샷 로그 익스포트 중
. 작업 대기열 익스포트 중
. 새로 고침 그룹과 하위 그룹 익스포트 중
. 차원을 엑스포트합니다
. 스키마 이후 단계의 객체와 작업을 엑스포트합니다\r

. 통계를 엑스포트합니다
익스포트가 경고 없이 정상적으로 종료되었습니다.
